11:04:34 **** Build of configuration Debug for project Arm_Control2_ar6axis ****
make all 
Building file: ../Arm_Control2.cpp
Invoking: GCC C++ Compiler
g++ -fPIC -std=c++0x -std=c++11 -I/usr/local/gazebo-7/include/gazebo-7 -I/home/kevin/research/gazebo/msgs/include -I/usr/local/sdformat/include/sdformat-4.2 -I/usr/local/ignition/include/ignition/math2 -I/usr/local/pcl-1-8/include/pcl-1.8 -I/usr/local/ogre-1-9/include/OGRE -I/usr/local/kdl/include -I/usr/include/eigen3 -O0 -g3 -Wall -c -fmessage-length=0 -MMD -MP -MF"Arm_Control2.d" -MT"Arm_Control2.d" -o "Arm_Control2.o" "../Arm_Control2.cpp"
../Arm_Control2.cpp: In member function ‘void ListAllModel::Update()’:
../Arm_Control2.cpp:191:31: warning: comparison between signed and unsigned integer expressions [-Wsign-compare]
     if(world->GetModelCount() != num_model_on_field) // if 在場上的 model 數量有變化
                               ^
../Arm_Control2.cpp: In member function ‘int TrajectoryPlanning::Calculate_beta(gazebo::math::Pose, gazebo::math::Pose, gazebo::transport::PublisherPtr&, float, int)’:
../Arm_Control2.cpp:853:15: warning: comparison between signed and unsigned integer expressions [-Wsign-compare]
  for(int i=1;i<ang_list.size()-1;i++)
               ^
../Arm_Control2.cpp:817:6: warning: variable ‘retval’ set but not used [-Wunused-but-set-variable]
  int retval=1,count=0;
      ^
../Arm_Control2.cpp:817:15: warning: unused variable ‘count’ [-Wunused-variable]
  int retval=1,count=0;
               ^
../Arm_Control2.cpp:869:1: warning: no return statement in function returning non-void [-Wreturn-type]
 }
 ^
../Arm_Control2.cpp: In member function ‘int TrajectoryPlanning::Calculate_OnTable(gazebo::math::Pose, gazebo::math::Pose, float, int)’:
../Arm_Control2.cpp:1048:18: warning: comparison between signed and unsigned integer expressions [-Wsign-compare]
     for(int i=1;i<ang_list.size()-1;i++)
                  ^
../Arm_Control2.cpp: In member function ‘int TrajectoryPlanning::Calculate_PutOnTable(gazebo::math::Pose, gazebo::math::Pose, float, int)’:
../Arm_Control2.cpp:1258:18: warning: comparison between signed and unsigned integer expressions [-Wsign-compare]
     for(int i=0;i<ang_list.size();i++)
                  ^
../Arm_Control2.cpp: In member function ‘void AlongTrajectory::Update()’:
../Arm_Control2.cpp:1736:41: warning: comparison between signed and unsigned integer expressions [-Wsign-compare]
     if(movetoptr->HasReached()&&nth_step!=(ang_list.size()-1))
                                         ^
../Arm_Control2.cpp:1744:20: warning: comparison between signed and unsigned integer expressions [-Wsign-compare]
         if(nth_step<(ang_list.size()-1))
                    ^
../Arm_Control2.cpp:1751:14: warning: comparison between signed and unsigned integer expressions [-Wsign-compare]
   if(nth_step==(ang_list.size()-1))
              ^
../Arm_Control2.cpp: In member function ‘int KDL_IK::CalculateIK(float, float, float)’:
../Arm_Control2.cpp:1903:9: warning: variable ‘retval’ set but not used [-Wunused-but-set-variable]
     int retval,count=0;
         ^
../Arm_Control2.cpp:1903:16: warning: unused variable ‘count’ [-Wunused-variable]
     int retval,count=0;
                ^
../Arm_Control2.cpp:1943:1: warning: no return statement in function returning non-void [-Wreturn-type]
 }
 ^
../Arm_Control2.cpp: In member function ‘void Arm_Control2::Keyboard_Input()’:
../Arm_Control2.cpp:2082:35: warning: comparison between signed and unsigned integer expressions [-Wsign-compare]
                      for(int i=0;i<world->GetModelCount();i++)
                                   ^
../Arm_Control2.cpp: In member function ‘int TrajectoryPlanning::Calculate_OnTable(gazebo::math::Pose, gazebo::math::Pose, float, int)’:
../Arm_Control2.cpp:1069:1: warning: control reaches end of non-void function [-Wreturn-type]
 }
 ^
../Arm_Control2.cpp: In member function ‘int TrajectoryPlanning::Calculate_PutOnTable(gazebo::math::Pose, gazebo::math::Pose, float, int)’:
../Arm_Control2.cpp:1273:1: warning: control reaches end of non-void function [-Wreturn-type]
 }
 ^
Finished building: ../Arm_Control2.cpp
 
Building target: libArm_Control2_ar6axis.so
Invoking: GCC C++ Linker
g++ -Wl,--no-undefined -L/home/kevin/research/gazebo/msgs/lib -L/usr/local/ogre-1-9/lib -L/usr/local/ogre-1-9/lib/OGRE -L/usr/local/pcl-1-8/lib -L/usr/local/opencv-2-4-10/lib -L/usr/local/gazebo-7/lib/x86_64-linux-gnu -L/usr/local/freetype-2-6/lib -L/usr/local/sdformat/lib/x86_64-linux-gnu -L/usr/local/kdl/lib -shared -o "libArm_Control2_ar6axis.so"  ./Arm_Control2.o   -lpcl_io -lpcl_kdtree -lpcl_sample_consensus -lpcl_registration -lpcl_filters -lpcl_features -lpcl_common -lpcl_keypoints -lpcl_search -lpcl_visualization -lgazebo -lgazebo_msgs -lgazebo_transport -lgazebo_math -lgazebo_sensors -lgazebo_rendering -lgazebo_common -lgazebo_physics -lopencv_highgui -lopencv_imgproc -lopencv_core -lopencv_video -lprotobuf -lOgreMain -lOIS -lfreetype -lpose_estimation_result -lpoint_type -lmatrix -lpoint_cloud -lsdformat -lboost_thread -lboost_system -lboost_filesystem -lboost_date_time -lorocos-kdl
Finished building target: libArm_Control2_ar6axis.so
 

11:04:41 Build Finished (took 7s.72ms)

