09:12:52 **** Build of configuration Debug for project Arm_Control3_ar6axis_connect_to_SystemGUI ****
make all 
Building file: ../Arm_Control3_ar6axis_connect_to_SystemGUI.cpp
Invoking: GCC C++ Compiler
g++ -fPIC -std=c++0x -std=c++11 -I/usr/local/gazebo-7/include/gazebo-7 -I/home/kevin/research/gazebo/msgs/include -I/usr/local/sdformat/include/sdformat-4.2 -I/usr/local/ignition/include/ignition/math2 -I/usr/local/pcl-1-8/include/pcl-1.8 -I/usr/local/ogre-1-9/include/OGRE -I/usr/local/kdl/include -I/usr/include/eigen3 -O0 -g3 -Wall -c -fmessage-length=0 -MMD -MP -MF"Arm_Control3_ar6axis_connect_to_SystemGUI.d" -MT"Arm_Control3_ar6axis_connect_to_SystemGUI.d" -o "Arm_Control3_ar6axis_connect_to_SystemGUI.o" "../Arm_Control3_ar6axis_connect_to_SystemGUI.cpp"
../Arm_Control3_ar6axis_connect_to_SystemGUI.cpp: In member function ‘void ListAllModel::Update()’:
../Arm_Control3_ar6axis_connect_to_SystemGUI.cpp:94:29: warning: comparison between signed and unsigned integer expressions [-Wsign-compare]
  if (world->GetModelCount() != num_model_on_field)    //在場上的的modell數量有變化
                             ^
../Arm_Control3_ar6axis_connect_to_SystemGUI.cpp: In member function ‘int TrajectoryPlanning::Calculate_RCL(gazebo::math::Pose, char, Six_Ang)’:
../Arm_Control3_ar6axis_connect_to_SystemGUI.cpp:776:15: warning: deprecated conversion from string constant to ‘char*’ [-Wwrite-strings]
  char *buffer="\0";
               ^
../Arm_Control3_ar6axis_connect_to_SystemGUI.cpp:800:1: warning: no return statement in function returning non-void [-Wreturn-type]
 }
 ^
../Arm_Control3_ar6axis_connect_to_SystemGUI.cpp: In member function ‘int TrajectoryPlanning::Calculate_beta(gazebo::math::Pose, gazebo::math::Pose, char, gazebo::transport::PublisherPtr)’:
../Arm_Control3_ar6axis_connect_to_SystemGUI.cpp:955:1: warning: no return statement in function returning non-void [-Wreturn-type]
 }
 ^
../Arm_Control3_ar6axis_connect_to_SystemGUI.cpp: In member function ‘void AlongTrajectory::Update()’:
../Arm_Control3_ar6axis_connect_to_SystemGUI.cpp:1090:42: warning: comparison between signed and unsigned integer expressions [-Wsign-compare]
  if (movetoptr->HasReached() && nth_step < ang_list.size())
                                          ^
../Arm_Control3_ar6axis_connect_to_SystemGUI.cpp:1100:16: warning: comparison between signed and unsigned integer expressions [-Wsign-compare]
   if (nth_step == (ang_list.size()))
                ^
../Arm_Control3_ar6axis_connect_to_SystemGUI.cpp: In member function ‘int KDL_IK::CalculateIK(float, float, float)’:
../Arm_Control3_ar6axis_connect_to_SystemGUI.cpp:1256:6: warning: variable ‘retval’ set but not used [-Wunused-but-set-variable]
  int retval, count = 0;
      ^
../Arm_Control3_ar6axis_connect_to_SystemGUI.cpp:1256:14: warning: unused variable ‘count’ [-Wunused-variable]
  int retval, count = 0;
              ^
../Arm_Control3_ar6axis_connect_to_SystemGUI.cpp:1297:1: warning: no return statement in function returning non-void [-Wreturn-type]
 }
 ^
../Arm_Control3_ar6axis_connect_to_SystemGUI.cpp: In member function ‘void Arm_Control3_ar6axis::Keyboard_Input()’:
../Arm_Control3_ar6axis_connect_to_SystemGUI.cpp:1400:21: warning: comparison between signed and unsigned integer expressions [-Wsign-compare]
        for(int k=0;k<world->GetModelCount();k++)
                     ^
../Arm_Control3_ar6axis_connect_to_SystemGUI.cpp:1396:9: warning: variable ‘whichitem’ set but not used [-Wunused-but-set-variable]
     int whichitem;
         ^
Finished building: ../Arm_Control3_ar6axis_connect_to_SystemGUI.cpp
 
Building target: libArm_Control3_ar6axis_connect_to_SystemGUI.so
Invoking: GCC C++ Linker
g++ -Wl,--no-undefined -L/home/kevin/research/gazebo/msgs/lib -L/usr/local/ogre-1-9/lib -L/usr/local/ogre-1-9/lib/OGRE -L/usr/local/pcl-1-8/lib -L/usr/local/opencv-2-4-10/lib -L/usr/local/gazebo-7/lib/x86_64-linux-gnu -L/usr/local/freetype-2-6/lib -L/usr/local/sdformat/lib/x86_64-linux-gnu -L/usr/local/kdl/lib -shared -o "libArm_Control3_ar6axis_connect_to_SystemGUI.so"  ./Arm_Control3_ar6axis_connect_to_SystemGUI.o   -lpcl_io -lpcl_kdtree -lpcl_sample_consensus -lpcl_registration -lpcl_filters -lpcl_features -lpcl_common -lpcl_keypoints -lpcl_search -lpcl_visualization -lgazebo -lgazebo_msgs -lgazebo_transport -lgazebo_math -lgazebo_sensors -lgazebo_rendering -lgazebo_common -lgazebo_physics -lopencv_highgui -lopencv_imgproc -lopencv_core -lopencv_video -lprotobuf -lOgreMain -lOIS -lfreetype -lpose_estimation_result -lpoint_type -lmatrix -lpoint_cloud -lsdformat -lboost_thread -lboost_system -lboost_filesystem -lboost_date_time -lorocos-kdl
Finished building target: libArm_Control3_ar6axis_connect_to_SystemGUI.so
 

09:12:59 Build Finished (took 6s.928ms)

