18:02:12 **** Build of configuration Debug for project depth_sensor ****
make all 
Building file: ../depth_sensor_plugin.cpp
Invoking: GCC C++ Compiler
g++ -fPIC -std=c++11 -I/usr/local/include -I/usr/include/eigen3 -I/usr/local/gazebo-7/include/gazebo-7 -I/usr/include/c++/4.9 -I/home/kevin/research/gazebo/msgs/include -I/usr/local/ignition/include/ignition/math2 -I/usr/local/pcl-1-8/include/pcl-1.8 -I/usr/local/ogre-1-9/include/OGRE/Paging -I/usr/local/sdformat/include/sdformat-4.2 -I/usr/local/ogre-1-9/include -I/usr/local/ogre-1-9/include/OGRE -I/usr/local/opencv-2-4-10/include -I/usr/include -O0 -g3 -Wall -c -fmessage-length=0 -MMD -MP -MF"depth_sensor_plugin.d" -MT"depth_sensor_plugin.d" -o "depth_sensor_plugin.o" "../depth_sensor_plugin.cpp"
../depth_sensor_plugin.cpp:279:5: warning: "/*" within comment [-Wcomment]
    //*iter = '/usr/local/lib/OGRE';
 ^
In file included from ../depth_sensor_plugin.h:24:0,
                 from ../depth_sensor_plugin.cpp:8:
../RGBRTListener.h: In member function ‘void RGBRTListener::_setLightSettings()’:
../RGBRTListener.h:70:52: warning: ‘uint32_t gazebo::rendering::Scene::GetLightCount() const’ is deprecated (declared at /usr/local/gazebo-7/include/gazebo-7/gazebo/rendering/Scene.hh:285) [-Wdeprecated-declarations]
   unsigned int num_lights = m_scene->GetLightCount();
                                                    ^
In file included from ../depth_sensor_plugin.h:24:0,
                 from ../depth_sensor_plugin.cpp:8:
../RGBRTListener.h:82:62: warning: ‘gazebo::math::Vector3 gazebo::rendering::Camera::GetWorldPosition() const’ is deprecated (declared at /usr/local/gazebo-7/include/gazebo-7/gazebo/rendering/Camera.hh:176) [-Wdeprecated-declarations]
   gazebo::math::Vector3 cam_pos = m_camera->GetWorldPosition();
                                                              ^
../RGBRTListener.h: In member function ‘void RGBRTListener::_resetLightSettings()’:
../RGBRTListener.h:105:52: warning: ‘uint32_t gazebo::rendering::Scene::GetLightCount() const’ is deprecated (declared at /usr/local/gazebo-7/include/gazebo-7/gazebo/rendering/Scene.hh:285) [-Wdeprecated-declarations]
   unsigned int num_lights = m_scene->GetLightCount();
                                                    ^
In file included from ../depth_sensor_plugin.h:25:0,
                 from ../depth_sensor_plugin.cpp:8:
../DepthRTListener.h: In member function ‘void DepthRTListener::_setLightSettings()’:
../DepthRTListener.h:155:52: warning: ‘uint32_t gazebo::rendering::Scene::GetLightCount() const’ is deprecated (declared at /usr/local/gazebo-7/include/gazebo-7/gazebo/rendering/Scene.hh:285) [-Wdeprecated-declarations]
   unsigned int num_lights = m_scene->GetLightCount();
                                                    ^
In file included from ../depth_sensor_plugin.h:25:0,
                 from ../depth_sensor_plugin.cpp:8:
../DepthRTListener.h:167:62: warning: ‘gazebo::math::Vector3 gazebo::rendering::Camera::GetWorldPosition() const’ is deprecated (declared at /usr/local/gazebo-7/include/gazebo-7/gazebo/rendering/Camera.hh:176) [-Wdeprecated-declarations]
   gazebo::math::Vector3 cam_pos = m_camera->GetWorldPosition();
                                                              ^
../DepthRTListener.h:180:78: warning: ‘std::string gazebo::rendering::Camera::GetName() const’ is deprecated (declared at /usr/local/gazebo-7/include/gazebo-7/gazebo/rendering/Camera.hh:602) [-Wdeprecated-declarations]
   m_scene_mgr->getLight( SENSOR_IR_PROJECTOR_NAME_PREFIX + m_camera->GetName() )->setVisible( true );
                                                                              ^
../DepthRTListener.h: In member function ‘void DepthRTListener::_setMaterials()’:
../DepthRTListener.h:191:53: warning: ‘uint32_t gazebo::rendering::Scene::GetVisualCount() const’ is deprecated (declared at /usr/local/gazebo-7/include/gazebo-7/gazebo/rendering/Scene.hh:651) [-Wdeprecated-declarations]
   unsigned int num_visual = m_scene->GetVisualCount();
                                                     ^
In file included from ../depth_sensor_plugin.h:26:0,
                 from ../depth_sensor_plugin.cpp:8:
../RayConfRTListener.h: In member function ‘void RayConfRTListener::_resetLightSettings()’:
../RayConfRTListener.h:109:52: warning: ‘uint32_t gazebo::rendering::Scene::GetLightCount() const’ is deprecated (declared at /usr/local/gazebo-7/include/gazebo-7/gazebo/rendering/Scene.hh:285) [-Wdeprecated-declarations]
   unsigned int num_lights = m_scene->GetLightCount();
                                                    ^
../RayConfRTListener.h:123:78: warning: ‘std::string gazebo::rendering::Camera::GetName() const’ is deprecated (declared at /usr/local/gazebo-7/include/gazebo-7/gazebo/rendering/Camera.hh:602) [-Wdeprecated-declarations]
   m_scene_mgr->getLight( SENSOR_IR_PROJECTOR_NAME_PREFIX + m_camera->GetName() )->setVisible( false );
                                                                              ^
In file included from ../depth_sensor_plugin.h:27:0,
                 from ../depth_sensor_plugin.cpp:8:
../SegmentRTListener.h: In member function ‘void SegmentRTListener::_toggleMaterials(bool)’:
../SegmentRTListener.h:73:54: warning: ‘uint32_t gazebo::rendering::Scene::GetVisualCount() const’ is deprecated (declared at /usr/local/gazebo-7/include/gazebo-7/gazebo/rendering/Scene.hh:651) [-Wdeprecated-declarations]
    unsigned int num_visual = m_scene->GetVisualCount();
                                                      ^
In file included from ../depth_sensor_plugin.h:27:0,
                 from ../depth_sensor_plugin.cpp:8:
../SegmentRTListener.h:139:41: warning: ‘uint32_t gazebo::rendering::Scene::GetVisualCount() const’ is deprecated (declared at /usr/local/gazebo-7/include/gazebo-7/gazebo/rendering/Scene.hh:651) [-Wdeprecated-declarations]
    num_visual = m_scene->GetVisualCount();
                                         ^
../depth_sensor_plugin.cpp: In member function ‘virtual void DepthSensorPlugin::Load(gazebo::sensors::SensorPtr, sdf::ElementPtr)’:
../depth_sensor_plugin.cpp:92:46: warning: ‘gazebo::rendering::CameraPtr gazebo::sensors::CameraSensor::GetCamera() const’ is deprecated (declared at /usr/local/gazebo-7/include/gazebo-7/gazebo/sensors/CameraSensor.hh:70) [-Wdeprecated-declarations]
  this->m_camera = m_camera_sensor->GetCamera();
                                              ^
../depth_sensor_plugin.cpp:95:45: warning: ‘gazebo::rendering::CameraPtr gazebo::sensors::CameraSensor::GetCamera() const’ is deprecated (declared at /usr/local/gazebo-7/include/gazebo-7/gazebo/sensors/CameraSensor.hh:70) [-Wdeprecated-declarations]
  this->m_scene = m_camera_sensor->GetCamera()->GetScene();
                                             ^
../depth_sensor_plugin.cpp:119:45: warning: ‘gazebo::rendering::CameraPtr gazebo::sensors::CameraSensor::GetCamera() const’ is deprecated (declared at /usr/local/gazebo-7/include/gazebo-7/gazebo/sensors/CameraSensor.hh:70) [-Wdeprecated-declarations]
  m_ogre_camera = m_camera_sensor->GetCamera()->GetOgreCamera();
                                             ^
../depth_sensor_plugin.cpp:119:62: warning: ‘Ogre::Camera* gazebo::rendering::Camera::GetOgreCamera() const’ is deprecated (declared at /usr/local/gazebo-7/include/gazebo-7/gazebo/rendering/Camera.hh:484) [-Wdeprecated-declarations]
  m_ogre_camera = m_camera_sensor->GetCamera()->GetOgreCamera();
                                                              ^
../depth_sensor_plugin.cpp:151:50: warning: ‘std::string gazebo::sensors::Sensor::GetWorldName() const’ is deprecated (declared at /usr/local/gazebo-7/include/gazebo-7/gazebo/sensors/Sensor.hh:200) [-Wdeprecated-declarations]
  m_node_ptr->Init( m_camera_sensor->GetWorldName() );
                                                  ^
../depth_sensor_plugin.cpp: In member function ‘virtual void DepthSensorPlugin::_onUpdatedCallback()’:
../depth_sensor_plugin.cpp:185:58: warning: ‘gazebo::rendering::CameraPtr gazebo::sensors::CameraSensor::GetCamera() const’ is deprecated (declared at /usr/local/gazebo-7/include/gazebo-7/gazebo/sensors/CameraSensor.hh:70) [-Wdeprecated-declarations]
   rendering::ScenePtr scene = m_camera_sensor->GetCamera()->GetScene();
                                                          ^
../depth_sensor_plugin.cpp:186:49: warning: ‘uint32_t gazebo::rendering::Scene::GetGridCount() const’ is deprecated (declared at /usr/local/gazebo-7/include/gazebo-7/gazebo/rendering/Scene.hh:173) [-Wdeprecated-declarations]
   unsigned int grid_count = scene->GetGridCount();
                                                 ^
../depth_sensor_plugin.cpp: In member function ‘void DepthSensorPlugin::_setupDepthSensor()’:
../depth_sensor_plugin.cpp:340:54: warning: ‘unsigned int gazebo::sensors::CameraSensor::GetImageWidth() const’ is deprecated (declared at /usr/local/gazebo-7/include/gazebo-7/gazebo/sensors/CameraSensor.hh:79) [-Wdeprecated-declarations]
  unsigned int cam_w = m_camera_sensor->GetImageWidth();
                                                      ^
../depth_sensor_plugin.cpp:341:55: warning: ‘unsigned int gazebo::sensors::CameraSensor::GetImageHeight() const’ is deprecated (declared at /usr/local/gazebo-7/include/gazebo-7/gazebo/sensors/CameraSensor.hh:89) [-Wdeprecated-declarations]
  unsigned int cam_h = m_camera_sensor->GetImageHeight();
                                                       ^
../depth_sensor_plugin.cpp:342:46: warning: ‘std::string gazebo::rendering::Camera::GetName() const’ is deprecated (declared at /usr/local/gazebo-7/include/gazebo-7/gazebo/rendering/Camera.hh:602) [-Wdeprecated-declarations]
  std::string camera_name = m_camera->GetName();
                                              ^
../depth_sensor_plugin.cpp:407:40: warning: ‘gazebo::rendering::CameraPtr gazebo::sensors::CameraSensor::GetCamera() const’ is deprecated (declared at /usr/local/gazebo-7/include/gazebo-7/gazebo/sensors/CameraSensor.hh:70) [-Wdeprecated-declarations]
             m_camera_sensor->GetCamera(),
                                        ^
../depth_sensor_plugin.cpp:442:41: warning: ‘gazebo::rendering::CameraPtr gazebo::sensors::CameraSensor::GetCamera() const’ is deprecated (declared at /usr/local/gazebo-7/include/gazebo-7/gazebo/sensors/CameraSensor.hh:70) [-Wdeprecated-declarations]
              m_camera_sensor->GetCamera(),
                                         ^
../depth_sensor_plugin.cpp:482:39: warning: ‘gazebo::rendering::CameraPtr gazebo::sensors::CameraSensor::GetCamera() const’ is deprecated (declared at /usr/local/gazebo-7/include/gazebo-7/gazebo/sensors/CameraSensor.hh:70) [-Wdeprecated-declarations]
            m_camera_sensor->GetCamera(),
                                       ^
../depth_sensor_plugin.cpp: In member function ‘void DepthSensorPlugin::_prepareSensorNoise()’:
../depth_sensor_plugin.cpp:516:83: warning: ‘virtual unsigned int gazebo::rendering::Camera::GetImageWidth() const’ is deprecated (declared at /usr/local/gazebo-7/include/gazebo-7/gazebo/rendering/Camera.hh:345) [-Wdeprecated-declarations]
  float scale = (float)noise_mag.cols * noise_mag.rows / ( m_camera->GetImageWidth() * m_camera->GetImageHeight() );
                                                                                   ^
../depth_sensor_plugin.cpp:516:112: warning: ‘virtual unsigned int gazebo::rendering::Camera::GetImageHeight() const’ is deprecated (declared at /usr/local/gazebo-7/include/gazebo-7/gazebo/rendering/Camera.hh:363) [-Wdeprecated-declarations]
  float scale = (float)noise_mag.cols * noise_mag.rows / ( m_camera->GetImageWidth() * m_camera->GetImageHeight() );
                                                                                                                ^
../depth_sensor_plugin.cpp:519:70: warning: ‘virtual unsigned int gazebo::rendering::Camera::GetImageWidth() const’ is deprecated (declared at /usr/local/gazebo-7/include/gazebo-7/gazebo/rendering/Camera.hh:345) [-Wdeprecated-declarations]
  cv::resize( noise_mag, noise_mag, cv::Size( m_camera->GetImageWidth(), m_camera->GetImageHeight() ) );
                                                                      ^
../depth_sensor_plugin.cpp:519:98: warning: ‘virtual unsigned int gazebo::rendering::Camera::GetImageHeight() const’ is deprecated (declared at /usr/local/gazebo-7/include/gazebo-7/gazebo/rendering/Camera.hh:363) [-Wdeprecated-declarations]
  cv::resize( noise_mag, noise_mag, cv::Size( m_camera->GetImageWidth(), m_camera->GetImageHeight() ) );
                                                                                                  ^
../depth_sensor_plugin.cpp: In member function ‘void DepthSensorPlugin::_setupIdealSegmentation()’:
../depth_sensor_plugin.cpp:1115:54: warning: ‘unsigned int gazebo::sensors::CameraSensor::GetImageWidth() const’ is deprecated (declared at /usr/local/gazebo-7/include/gazebo-7/gazebo/sensors/CameraSensor.hh:79) [-Wdeprecated-declarations]
  unsigned int cam_w = m_camera_sensor->GetImageWidth();
                                                      ^
../depth_sensor_plugin.cpp:1116:55: warning: ‘unsigned int gazebo::sensors::CameraSensor::GetImageHeight() const’ is deprecated (declared at /usr/local/gazebo-7/include/gazebo-7/gazebo/sensors/CameraSensor.hh:89) [-Wdeprecated-declarations]
  unsigned int cam_h = m_camera_sensor->GetImageHeight();
                                                       ^
../depth_sensor_plugin.cpp:1117:46: warning: ‘std::string gazebo::rendering::Camera::GetName() const’ is deprecated (declared at /usr/local/gazebo-7/include/gazebo-7/gazebo/rendering/Camera.hh:602) [-Wdeprecated-declarations]
  std::string camera_name = m_camera->GetName();
                                              ^
../depth_sensor_plugin.cpp: In member function ‘void DepthSensorPlugin::_getIdealSegmentation()’:
../depth_sensor_plugin.cpp:1152:38: warning: ‘virtual unsigned int gazebo::rendering::Camera::GetImageWidth() const’ is deprecated (declared at /usr/local/gazebo-7/include/gazebo-7/gazebo/rendering/Camera.hh:345) [-Wdeprecated-declarations]
  int width = m_camera->GetImageWidth();
                                      ^
../depth_sensor_plugin.cpp:1153:40: warning: ‘virtual unsigned int gazebo::rendering::Camera::GetImageHeight() const’ is deprecated (declared at /usr/local/gazebo-7/include/gazebo-7/gazebo/rendering/Camera.hh:363) [-Wdeprecated-declarations]
  int height = m_camera->GetImageHeight();
                                        ^
Finished building: ../depth_sensor_plugin.cpp
 
Building target: libdepth_sensor.so
Invoking: GCC C++ Linker
g++ -Wl,--no-undefined -L/usr/local/lib -L/home/kevin/research/gazebo/msgs/lib -L/usr/local/pcl-1-8/lib -L/usr/local/ogre-1-9/lib -L/usr/local/gazebo-7/lib/x86_64-linux-gnu -L/usr/local/ogre-1-9/lib/OGRE -L/usr/local/opencv-2-4-10/lib -L/usr/lib/x86_64-linux-gnu -shared -o "libdepth_sensor.so"  ./depth_sensor_plugin.o   -lpcl_io -lpcl_kdtree -lpcl_sample_consensus -lpcl_registration -lpcl_filters -lpcl_features -lpcl_common -lpcl_keypoints -lpcl_search -lpcl_visualization -lgazebo -lgazebo_msgs -lgazebo_transport -lgazebo_sensors -lgazebo_rendering -lgazebo_math -lgazebo_common -lopencv_highgui -lopencv_imgproc -lopencv_core -lopencv_video -lprotobuf -lOgreMain -lOIS -lfreetype -lpose_estimation_result -lpoint_type -lmatrix -lpoint_cloud -lboost_serialization -lboost_system -lboost_filesystem
Finished building target: libdepth_sensor.so
 

18:02:24 Build Finished (took 12s.685ms)

